<?xml version="1.0" encoding="utf-8" standalone="no"?>
<test-run id="2" testcasecount="1" result="Failed" label="Error" total="1" passed="0" failed="1" inconclusive="0" skipped="0" asserts="0" engine-version="3.10.0.0" clr-version="4.0.30319.42000" start-time="2019-09-05 18:57:50Z" end-time="2019-09-05 18:57:51Z" duration="0.663394">
  <command-line><![CDATA["C:\Program Files (x86)\NUnit.org\nunit-console\nunit3-console.exe"  Test.sln]]></command-line>
  <test-suite type="Assembly" id="1" name="Test.sln" fullname="C:\Users\d_hawryluk\source\repos\Test\Test.sln" runstate="NotRunnable" testcasecount="1" result="Failed" label="Error" start-time="2019-09-05 18:57:51Z" end-time="2019-09-05 18:57:51Z" duration="0.001" total="1" passed="0" failed="1" inconclusive="0" skipped="0" asserts="0">
    <failure>
      <message><![CDATA[NUnit.Engine.NUnitEngineException : An exception occurred in the driver while loading tests.
  ----> System.IO.FileLoadException : Nie można załadować pliku lub zestawu 'nunit.framework, Version=3.12.0.0, Culture=neutral, PublicKeyToken=2638cd05610744eb' lub jednej z jego zależności. Zlokalizowana definicja manifestu zestawu nie odpowiada odwołaniu do zestawu. (Wyjątek od HRESULT: 0x80131040)]]></message>
      <stack-trace><![CDATA[--NUnitEngineException
An exception occurred in the driver while loading tests.

Server stack trace: 
   w NUnit.Engine.Runners.DirectTestRunner.LoadDriver(IFrameworkDriver driver, String testFile, TestPackage subPackage)
   w NUnit.Engine.Runners.DirectTestRunner.LoadPackage()
   w NUnit.Engine.Runners.DirectTestRunner.EnsurePackageIsLoaded()
   w NUnit.Engine.Runners.DirectTestRunner.RunTests(ITestEventListener listener, TestFilter filter)
   w System.Runtime.Remoting.Messaging.StackBuilderSink._PrivateProcessMessage(IntPtr md, Object[] args, Object server, Object[]& outArgs)
   w System.Runtime.Remoting.Messaging.StackBuilderSink.SyncProcessMessage(IMessage msg)

Exception rethrown at [0]: 
   w System.Runtime.Remoting.Proxies.RealProxy.HandleReturnMessage(IMessage reqMsg, IMessage retMsg)
   w System.Runtime.Remoting.Proxies.RealProxy.PrivateInvoke(MessageData& msgData, Int32 type)
   w NUnit.Engine.ITestEngineRunner.Run(ITestEventListener listener, TestFilter filter)
   w NUnit.Engine.Runners.ProcessRunner.RunTests(ITestEventListener listener, TestFilter filter)
--
FileLoadException
Nie można załadować pliku lub zestawu 'nunit.framework, Version=3.12.0.0, Culture=neutral, PublicKeyToken=2638cd05610744eb' lub jednej z jego zależności. Zlokalizowana definicja manifestu zestawu nie odpowiada odwołaniu do zestawu. (Wyjątek od HRESULT: 0x80131040)
   w System.Reflection.RuntimeAssembly._nLoad(AssemblyName fileName, String codeBase, Evidence assemblySecurity, RuntimeAssembly locationHint, StackCrawlMark& stackMark, IntPtr pPrivHostBinder, Boolean throwOnFileNotFound, Boolean forIntrospection, Boolean suppressSecurityChecks)
   w System.Reflection.RuntimeAssembly.InternalLoadAssemblyName(AssemblyName assemblyRef, Evidence assemblySecurity, RuntimeAssembly reqAssembly, StackCrawlMark& stackMark, IntPtr pPrivHostBinder, Boolean throwOnFileNotFound, Boolean forIntrospection, Boolean suppressSecurityChecks)
   w System.Activator.CreateInstance(String assemblyString, String typeName, Boolean ignoreCase, BindingFlags bindingAttr, Binder binder, Object[] args, CultureInfo culture, Object[] activationAttributes, Evidence securityInfo, StackCrawlMark& stackMark)
   w System.Activator.CreateInstance(String assemblyName, String typeName, Boolean ignoreCase, BindingFlags bindingAttr, Binder binder, Object[] args, CultureInfo culture, Object[] activationAttributes, Evidence securityInfo)
   w System.AppDomain.CreateInstance(String assemblyName, String typeName, Boolean ignoreCase, BindingFlags bindingAttr, Binder binder, Object[] args, CultureInfo culture, Object[] activationAttributes, Evidence securityAttributes)
   w System.AppDomain.CreateInstanceAndUnwrap(String assemblyName, String typeName, Boolean ignoreCase, BindingFlags bindingAttr, Binder binder, Object[] args, CultureInfo culture, Object[] activationAttributes, Evidence securityAttributes)
   w System.AppDomain.CreateInstanceAndUnwrap(String assemblyName, String typeName, Boolean ignoreCase, BindingFlags bindingAttr, Binder binder, Object[] args, CultureInfo culture, Object[] activationAttributes, Evidence securityAttributes)
   w NUnit.Engine.Drivers.NUnit3FrameworkDriver.CreateObject(String typeName, Object[] args)
   w NUnit.Engine.Drivers.NUnit3FrameworkDriver.Load(String testAssemblyPath, IDictionary`2 settings)
   w NUnit.Engine.Runners.DirectTestRunner.LoadDriver(IFrameworkDriver driver, String testFile, TestPackage subPackage)
]]></stack-trace>
    </failure>
  </test-suite>
</test-run>